  [1m[35m (2.4ms)[0m  [1m[34mSELECT sqlite_version(*)[0m
  [1m[35m (1.4ms)[0m  [1m[35mCREATE TABLE "schema_migrations" ("version" varchar NOT NULL PRIMARY KEY)[0m
  [1m[35m (1.3ms)[0m  [1m[35mCREATE TABLE "ar_internal_metadata" ("key" varchar NOT NULL PRIMARY KEY, "value" varchar, "created_at" datetime(6) NOT NULL, "updated_at" datetime(6) NOT NULL)[0m
  [1m[35m (0.2ms)[0m  [1m[34mSELECT "schema_migrations"."version" FROM "schema_migrations" ORDER BY "schema_migrations"."version" ASC[0m
Migrating to CreateSchedules (20210430023616)
  [1m[36mTRANSACTION (0.1ms)[0m  [1m[36mbegin transaction[0m
  [1m[35m (0.8ms)[0m  [1m[35mCREATE TABLE "schedules" ("id" integer PRIMARY KEY AUTOINCREMENT NOT NULL, "weekday" varchar, "date" varchar, "subject" varchar, "content" varchar, "child_id" integer, "created_at" datetime(6) NOT NULL, "updated_at" datetime(6) NOT NULL)[0m
  [1m[35m (0.2ms)[0m  [1m[35mCREATE INDEX "index_schedules_on_child_id" ON "schedules" ("child_id")[0m
  [1m[36mActiveRecord::SchemaMigration Create (0.3ms)[0m  [1m[32mINSERT INTO "schema_migrations" ("version") VALUES (?)[0m  [["version", "20210430023616"]]
  [1m[36mTRANSACTION (0.9ms)[0m  [1m[36mcommit transaction[0m
Migrating to CreateChildren (20210430024108)
  [1m[36mTRANSACTION (0.1ms)[0m  [1m[36mbegin transaction[0m
  [1m[35m (0.6ms)[0m  [1m[35mCREATE TABLE "children" ("id" integer PRIMARY KEY AUTOINCREMENT NOT NULL, "first_name" varchar, "last_name" varchar, "age" integer, "grade" integer, "created_at" datetime(6) NOT NULL, "updated_at" datetime(6) NOT NULL)[0m
  [1m[36mActiveRecord::SchemaMigration Create (0.3ms)[0m  [1m[32mINSERT INTO "schema_migrations" ("version") VALUES (?)[0m  [["version", "20210430024108"]]
  [1m[36mTRANSACTION (0.8ms)[0m  [1m[36mcommit transaction[0m
  [1m[36mActiveRecord::InternalMetadata Load (0.5ms)[0m  [1m[34mSELECT "ar_internal_metadata".* FROM "ar_internal_metadata" WHERE "ar_internal_metadata"."key" = ? LIMIT ?[0m  [["key", "environment"], ["LIMIT", 1]]
  [1m[36mTRANSACTION (0.1ms)[0m  [1m[36mbegin transaction[0m
  [1m[36mActiveRecord::InternalMetadata Create (0.5ms)[0m  [1m[32mINSERT INTO "ar_internal_metadata" ("key", "value", "created_at", "updated_at") VALUES (?, ?, ?, ?)[0m  [["key", "environment"], ["value", "development"], ["created_at", "2021-04-30 02:48:36.957042"], ["updated_at", "2021-04-30 02:48:36.957042"]]
  [1m[36mTRANSACTION (0.7ms)[0m  [1m[36mcommit transaction[0m
  [1m[35m (0.1ms)[0m  [1m[34mSELECT sqlite_version(*)[0m
  [1m[35m (0.1ms)[0m  [1m[34mSELECT "schema_migrations"."version" FROM "schema_migrations" ORDER BY "schema_migrations"."version" ASC[0m
Started GET "/" for 127.0.0.1 at 2021-04-29 22:51:30 -0400
  [1m[35m (1.5ms)[0m  [1m[34mSELECT sqlite_version(*)[0m
  [1m[35m (0.4ms)[0m  [1m[34mSELECT "schema_migrations"."version" FROM "schema_migrations" ORDER BY "schema_migrations"."version" ASC[0m
Processing by Rails::WelcomeController#index as HTML
  Rendering /Users/anikamc/.rvm/gems/ruby-2.6.1/gems/railties-6.1.3.1/lib/rails/templates/rails/welcome/index.html.erb
  Rendered /Users/anikamc/.rvm/gems/ruby-2.6.1/gems/railties-6.1.3.1/lib/rails/templates/rails/welcome/index.html.erb (Duration: 9.1ms | Allocations: 480)
Completed 200 OK in 30ms (Views: 15.2ms | ActiveRecord: 0.0ms | Allocations: 4151)


Started GET "/schedules" for 127.0.0.1 at 2021-04-29 22:51:35 -0400
Processing by SchedulesController#index as HTML
  [1m[36mSchedule Load (0.6ms)[0m  [1m[34mSELECT "schedules".* FROM "schedules"[0m
  ↳ app/controllers/schedules_controller.rb:8:in `index'
Completed 200 OK in 18ms (Views: 2.2ms | ActiveRecord: 0.6ms | Allocations: 2408)


Started GET "/children" for 127.0.0.1 at 2021-04-29 22:51:41 -0400
Processing by ChildrenController#index as HTML
  [1m[36mChild Load (0.6ms)[0m  [1m[34mSELECT "children".* FROM "children"[0m
  ↳ app/controllers/children_controller.rb:8:in `index'
Completed 200 OK in 16ms (Views: 1.3ms | ActiveRecord: 0.6ms | Allocations: 2019)


  [1m[35m (2.2ms)[0m  [1m[34mSELECT sqlite_version(*)[0m
  [1m[35m (0.8ms)[0m  [1m[34mSELECT "schema_migrations"."version" FROM "schema_migrations" ORDER BY "schema_migrations"."version" ASC[0m
  [1m[35m (0.1ms)[0m  [1m[34mSELECT sqlite_version(*)[0m
  [1m[35m (1.7ms)[0m  [1m[34mSELECT sqlite_version(*)[0m
  [1m[35m (0.6ms)[0m  [1m[34mSELECT "schema_migrations"."version" FROM "schema_migrations" ORDER BY "schema_migrations"."version" ASC[0m
Started GET "/children" for 127.0.0.1 at 2021-04-29 23:00:18 -0400
  [1m[35m (1.4ms)[0m  [1m[34mSELECT sqlite_version(*)[0m
  [1m[35m (0.5ms)[0m  [1m[34mSELECT "schema_migrations"."version" FROM "schema_migrations" ORDER BY "schema_migrations"."version" ASC[0m
Processing by ChildrenController#index as HTML
  [1m[36mChild Load (0.3ms)[0m  [1m[34mSELECT "children".* FROM "children"[0m
  ↳ app/controllers/children_controller.rb:8:in `index'
Completed 200 OK in 13ms (Views: 4.2ms | ActiveRecord: 0.3ms | Allocations: 4449)


Started GET "/children" for 127.0.0.1 at 2021-04-29 23:00:20 -0400
Processing by ChildrenController#index as HTML
  [1m[36mChild Load (0.2ms)[0m  [1m[34mSELECT "children".* FROM "children"[0m
  ↳ app/controllers/children_controller.rb:8:in `index'
Completed 200 OK in 2ms (Views: 1.5ms | ActiveRecord: 0.2ms | Allocations: 600)


  [1m[35m (1.3ms)[0m  [1m[34mSELECT sqlite_version(*)[0m
  [1m[35m (0.7ms)[0m  [1m[34mSELECT "schema_migrations"."version" FROM "schema_migrations" ORDER BY "schema_migrations"."version" ASC[0m
  [1m[35m (0.1ms)[0m  [1m[34mSELECT sqlite_version(*)[0m
  [1m[36mTRANSACTION (0.1ms)[0m  [1m[36mbegin transaction[0m
  [1m[36mChild Create (1.3ms)[0m  [1m[32mINSERT INTO "children" ("first_name", "last_name", "age", "grade", "created_at", "updated_at") VALUES (?, ?, ?, ?, ?, ?)[0m  [["first_name", "Malik"], ["last_name", "Morris"], ["age", 9], ["grade", 4], ["created_at", "2021-04-30 03:01:17.795945"], ["updated_at", "2021-04-30 03:01:17.795945"]]
  [1m[36mTRANSACTION (0.8ms)[0m  [1m[36mcommit transaction[0m
  [1m[36mTRANSACTION (0.1ms)[0m  [1m[36mbegin transaction[0m
  [1m[36mChild Load (0.2ms)[0m  [1m[34mSELECT "children".* FROM "children" WHERE "children"."id" = ? LIMIT ?[0m  [["id", 1], ["LIMIT", 1]]
  [1m[36mSchedule Create (1.3ms)[0m  [1m[32mINSERT INTO "schedules" ("weekday", "date", "subject", "content", "child_id", "created_at", "updated_at") VALUES (?, ?, ?, ?, ?, ?, ?)[0m  [["weekday", "Monday"], ["date", "4/26/2021"], ["subject", "Math"], ["content", "Completed chapter 1 of Go Math"], ["child_id", 1], ["created_at", "2021-04-30 03:01:17.869483"], ["updated_at", "2021-04-30 03:01:17.869483"]]
  [1m[36mTRANSACTION (0.9ms)[0m  [1m[36mcommit transaction[0m
Started GET "/children" for 127.0.0.1 at 2021-04-29 23:01:24 -0400
  [1m[35m (0.5ms)[0m  [1m[34mSELECT sqlite_version(*)[0m
  [1m[35m (0.2ms)[0m  [1m[34mSELECT "schema_migrations"."version" FROM "schema_migrations" ORDER BY "schema_migrations"."version" ASC[0m
Processing by ChildrenController#index as HTML
  [1m[36mChild Load (0.2ms)[0m  [1m[34mSELECT "children".* FROM "children"[0m
  ↳ app/controllers/children_controller.rb:8:in `index'
Completed 200 OK in 18ms (Views: 6.7ms | ActiveRecord: 0.7ms | Allocations: 8538)


Started GET "/schedules" for 127.0.0.1 at 2021-04-29 23:01:34 -0400
Processing by SchedulesController#index as HTML
  [1m[36mSchedule Load (0.3ms)[0m  [1m[34mSELECT "schedules".* FROM "schedules"[0m
  ↳ app/controllers/schedules_controller.rb:8:in `index'
Completed 200 OK in 16ms (Views: 8.7ms | ActiveRecord: 0.8ms | Allocations: 5714)


